<?xml version="1.0" encoding="UTF-8"?>
<!-- Generated by org.testng.reporters.JUnitXMLReporter -->
<testsuite ignored="0" hostname="DESKTOP-EQ0CH4H" failures="0" tests="7" name="Default test" time="28.13" errors="0" timestamp="04 Apr 2022 06:17:37 GMT">
  <testcase classname="com.sam.SamsungMobileValidation" name="driverLaunch" time="17.929"/>
  <testcase classname="com.sam.SamsungMobileValidation" name="loggin" time="1.392"/>
  <testcase classname="com.sam.SamsungMobileValidation" name="search" time="0.912"/>
  <testcase classname="com.sam.SamsungMobileValidation" name="mobileGalaxyf23" time="2.298"/>
  <testcase classname="com.sam.SamsungMobileValidation" name="Windows" time="0.1"/>
  <testcase classname="com.sam.SamsungMobileValidation" name="cheackMobile" time="4.898"/>
  <testcase classname="com.sam.SamsungMobileValidation" name="screenshotResult" time="0.392"/>
</testsuite> <!-- Default test -->
