<?xml version="1.0" encoding="UTF-8"?>
<testng-results ignored="0" total="7" passed="7" failed="0" skipped="0">
  <reporter-output>
  </reporter-output>
  <suite started-at="2022-04-04T06:17:09Z" name="Default suite" finished-at="2022-04-04T06:17:37Z" duration-ms="28130">
    <groups>
    </groups>
    <test started-at="2022-04-04T06:17:09Z" name="Default test" finished-at="2022-04-04T06:17:37Z" duration-ms="28130">
      <class name="com.sam.SamsungMobileValidation">
        <test-method is-config="true" signature="validateStart()[pri:0, instance:com.sam.SamsungMobileValidation@1115ec15]" started-at="2022-04-04T06:17:09Z" name="validateStart" finished-at="2022-04-04T06:17:09Z" duration-ms="34" status="PASS">
          <reporter-output>
          </reporter-output>
        </test-method> <!-- validateStart -->
        <test-method is-config="true" signature="runTime()[pri:0, instance:com.sam.SamsungMobileValidation@1115ec15]" started-at="2022-04-04T06:17:09Z" name="runTime" finished-at="2022-04-04T06:17:09Z" duration-ms="2" status="PASS">
          <reporter-output>
          </reporter-output>
        </test-method> <!-- runTime -->
        <test-method signature="driverLaunch()[pri:0, instance:com.sam.SamsungMobileValidation@1115ec15]" started-at="2022-04-04T06:17:09Z" name="driverLaunch" finished-at="2022-04-04T06:17:27Z" duration-ms="17929" status="PASS">
          <reporter-output>
          </reporter-output>
        </test-method> <!-- driverLaunch -->
        <test-method is-config="true" signature="endTime()[pri:0, instance:com.sam.SamsungMobileValidation@1115ec15]" started-at="2022-04-04T06:17:27Z" name="endTime" finished-at="2022-04-04T06:17:27Z" duration-ms="6" status="PASS">
          <reporter-output>
          </reporter-output>
        </test-method> <!-- endTime -->
        <test-method is-config="true" signature="runTime()[pri:0, instance:com.sam.SamsungMobileValidation@1115ec15]" started-at="2022-04-04T06:17:27Z" name="runTime" finished-at="2022-04-04T06:17:27Z" duration-ms="0" status="PASS">
          <reporter-output>
          </reporter-output>
        </test-method> <!-- runTime -->
        <test-method signature="loggin()[pri:1, instance:com.sam.SamsungMobileValidation@1115ec15]" started-at="2022-04-04T06:17:27Z" name="loggin" finished-at="2022-04-04T06:17:29Z" duration-ms="1392" status="PASS">
          <reporter-output>
          </reporter-output>
        </test-method> <!-- loggin -->
        <test-method is-config="true" signature="endTime()[pri:0, instance:com.sam.SamsungMobileValidation@1115ec15]" started-at="2022-04-04T06:17:29Z" name="endTime" finished-at="2022-04-04T06:17:29Z" duration-ms="0" status="PASS">
          <reporter-output>
          </reporter-output>
        </test-method> <!-- endTime -->
        <test-method is-config="true" signature="runTime()[pri:0, instance:com.sam.SamsungMobileValidation@1115ec15]" started-at="2022-04-04T06:17:29Z" name="runTime" finished-at="2022-04-04T06:17:29Z" duration-ms="0" status="PASS">
          <reporter-output>
          </reporter-output>
        </test-method> <!-- runTime -->
        <test-method signature="search(java.lang.String)[pri:2, instance:com.sam.SamsungMobileValidation@1115ec15]" started-at="2022-04-04T06:17:29Z" name="search" data-provider="mobile" finished-at="2022-04-04T06:17:30Z" duration-ms="912" status="PASS">
          <params>
            <param index="0">
              <value>
                <![CDATA[samsung mobile]]>
              </value>
            </param>
          </params>
          <reporter-output>
          </reporter-output>
        </test-method> <!-- search -->
        <test-method is-config="true" signature="endTime()[pri:0, instance:com.sam.SamsungMobileValidation@1115ec15]" started-at="2022-04-04T06:17:30Z" name="endTime" finished-at="2022-04-04T06:17:30Z" duration-ms="0" status="PASS">
          <reporter-output>
          </reporter-output>
        </test-method> <!-- endTime -->
        <test-method is-config="true" signature="runTime()[pri:0, instance:com.sam.SamsungMobileValidation@1115ec15]" started-at="2022-04-04T06:17:30Z" name="runTime" finished-at="2022-04-04T06:17:30Z" duration-ms="1" status="PASS">
          <reporter-output>
          </reporter-output>
        </test-method> <!-- runTime -->
        <test-method signature="mobileGalaxyf23()[pri:3, instance:com.sam.SamsungMobileValidation@1115ec15]" started-at="2022-04-04T06:17:30Z" name="mobileGalaxyf23" finished-at="2022-04-04T06:17:32Z" duration-ms="2298" status="PASS">
          <reporter-output>
          </reporter-output>
        </test-method> <!-- mobileGalaxyf23 -->
        <test-method is-config="true" signature="endTime()[pri:0, instance:com.sam.SamsungMobileValidation@1115ec15]" started-at="2022-04-04T06:17:32Z" name="endTime" finished-at="2022-04-04T06:17:32Z" duration-ms="1" status="PASS">
          <reporter-output>
          </reporter-output>
        </test-method> <!-- endTime -->
        <test-method is-config="true" signature="runTime()[pri:0, instance:com.sam.SamsungMobileValidation@1115ec15]" started-at="2022-04-04T06:17:32Z" name="runTime" finished-at="2022-04-04T06:17:32Z" duration-ms="1" status="PASS">
          <reporter-output>
          </reporter-output>
        </test-method> <!-- runTime -->
        <test-method signature="Windows()[pri:4, instance:com.sam.SamsungMobileValidation@1115ec15]" started-at="2022-04-04T06:17:32Z" name="Windows" finished-at="2022-04-04T06:17:32Z" duration-ms="100" status="PASS">
          <reporter-output>
          </reporter-output>
        </test-method> <!-- Windows -->
        <test-method is-config="true" signature="endTime()[pri:0, instance:com.sam.SamsungMobileValidation@1115ec15]" started-at="2022-04-04T06:17:32Z" name="endTime" finished-at="2022-04-04T06:17:32Z" duration-ms="3" status="PASS">
          <reporter-output>
          </reporter-output>
        </test-method> <!-- endTime -->
        <test-method is-config="true" signature="runTime()[pri:0, instance:com.sam.SamsungMobileValidation@1115ec15]" started-at="2022-04-04T06:17:32Z" name="runTime" finished-at="2022-04-04T06:17:32Z" duration-ms="0" status="PASS">
          <reporter-output>
          </reporter-output>
        </test-method> <!-- runTime -->
        <test-method signature="cheackMobile()[pri:5, instance:com.sam.SamsungMobileValidation@1115ec15]" started-at="2022-04-04T06:17:32Z" name="cheackMobile" finished-at="2022-04-04T06:17:37Z" duration-ms="4898" status="PASS">
          <reporter-output>
          </reporter-output>
        </test-method> <!-- cheackMobile -->
        <test-method is-config="true" signature="endTime()[pri:0, instance:com.sam.SamsungMobileValidation@1115ec15]" started-at="2022-04-04T06:17:37Z" name="endTime" finished-at="2022-04-04T06:17:37Z" duration-ms="1" status="PASS">
          <reporter-output>
          </reporter-output>
        </test-method> <!-- endTime -->
        <test-method is-config="true" signature="runTime()[pri:0, instance:com.sam.SamsungMobileValidation@1115ec15]" started-at="2022-04-04T06:17:37Z" name="runTime" finished-at="2022-04-04T06:17:37Z" duration-ms="1" status="PASS">
          <reporter-output>
          </reporter-output>
        </test-method> <!-- runTime -->
        <test-method signature="screenshotResult()[pri:6, instance:com.sam.SamsungMobileValidation@1115ec15]" started-at="2022-04-04T06:17:37Z" name="screenshotResult" finished-at="2022-04-04T06:17:37Z" duration-ms="392" status="PASS">
          <reporter-output>
          </reporter-output>
        </test-method> <!-- screenshotResult -->
        <test-method is-config="true" signature="endTime()[pri:0, instance:com.sam.SamsungMobileValidation@1115ec15]" started-at="2022-04-04T06:17:37Z" name="endTime" finished-at="2022-04-04T06:17:37Z" duration-ms="2" status="PASS">
          <reporter-output>
          </reporter-output>
        </test-method> <!-- endTime -->
      </class> <!-- com.sam.SamsungMobileValidation -->
    </test> <!-- Default test -->
  </suite> <!-- Default suite -->
</testng-results>
